2021-01-04 00:18:11.558 +06:00 [Information] Application Starting up
2021-01-04 00:18:31.777 +06:00 [Information] User logged in.
2021-01-04 00:29:20.960 +06:00 [Information] Application Starting up
2021-01-04 00:30:19.657 +06:00 [Information] User logged out.
2021-01-04 01:10:32.198 +06:00 [Information] Application Starting up
2021-01-04 01:10:58.939 +06:00 [Information] User logged in.
2021-01-04 01:17:42.859 +06:00 [Information] Application Starting up
2021-01-04 01:20:09.653 +06:00 [Information] Application Starting up
2021-01-04 01:20:58.741 +06:00 [Error] An exception occurred while iterating over the results of a query for context type '"Membership.Contexts.ApplicationDbContext"'."
""System.InvalidOperationException: This connection was used with an ambient transaction. The original ambient transaction needs to be completed before this connection can be used outside of it.
   at Microsoft.EntityFrameworkCore.Storage.RelationalConnection.HandleAmbientTransactions()
   at Microsoft.EntityFrameworkCore.Storage.RelationalConnection.OpenAsync(CancellationToken cancellationToken, Boolean errorsExpected)
   at Microsoft.EntityFrameworkCore.Storage.RelationalCommand.ExecuteReaderAsync(RelationalCommandParameterObject parameterObject, CancellationToken cancellationToken)
   at Microsoft.EntityFrameworkCore.Query.Internal.QueryingEnumerable`1.AsyncEnumerator.InitializeReaderAsync(DbContext _, Boolean result, CancellationToken cancellationToken)
   at Microsoft.EntityFrameworkCore.SqlServer.Storage.Internal.SqlServerExecutionStrategy.ExecuteAsync[TState,TResult](TState state, Func`4 operation, Func`4 verifySucceeded, CancellationToken cancellationToken)
   at Microsoft.EntityFrameworkCore.Query.Internal.QueryingEnumerable`1.AsyncEnumerator.MoveNextAsync()"
System.InvalidOperationException: This connection was used with an ambient transaction. The original ambient transaction needs to be completed before this connection can be used outside of it.
   at Microsoft.EntityFrameworkCore.Storage.RelationalConnection.HandleAmbientTransactions()
   at Microsoft.EntityFrameworkCore.Storage.RelationalConnection.OpenAsync(CancellationToken cancellationToken, Boolean errorsExpected)
   at Microsoft.EntityFrameworkCore.Storage.RelationalCommand.ExecuteReaderAsync(RelationalCommandParameterObject parameterObject, CancellationToken cancellationToken)
   at Microsoft.EntityFrameworkCore.Query.Internal.QueryingEnumerable`1.AsyncEnumerator.InitializeReaderAsync(DbContext _, Boolean result, CancellationToken cancellationToken)
   at Microsoft.EntityFrameworkCore.SqlServer.Storage.Internal.SqlServerExecutionStrategy.ExecuteAsync[TState,TResult](TState state, Func`4 operation, Func`4 verifySucceeded, CancellationToken cancellationToken)
   at Microsoft.EntityFrameworkCore.Query.Internal.QueryingEnumerable`1.AsyncEnumerator.MoveNextAsync()
2021-01-04 01:20:58.741 +06:00 [Error] An exception occurred while iterating over the results of a query for context type '"Membership.Contexts.ApplicationDbContext"'."
""System.InvalidOperationException: A second operation started on this context before a previous operation completed. This is usually caused by different threads using the same instance of DbContext. For more information on how to avoid threading issues with DbContext, see https://go.microsoft.com/fwlink/?linkid=2097913.
   at Microsoft.EntityFrameworkCore.Internal.ConcurrencyDetector.EnterCriticalSection()
   at Microsoft.EntityFrameworkCore.Query.Internal.QueryingEnumerable`1.AsyncEnumerator.MoveNextAsync()"
System.InvalidOperationException: A second operation started on this context before a previous operation completed. This is usually caused by different threads using the same instance of DbContext. For more information on how to avoid threading issues with DbContext, see https://go.microsoft.com/fwlink/?linkid=2097913.
   at Microsoft.EntityFrameworkCore.Internal.ConcurrencyDetector.EnterCriticalSection()
   at Microsoft.EntityFrameworkCore.Query.Internal.QueryingEnumerable`1.AsyncEnumerator.MoveNextAsync()
2021-01-04 01:20:58.750 +06:00 [Error] An exception occurred while iterating over the results of a query for context type '"Membership.Contexts.ApplicationDbContext"'."
""System.InvalidOperationException: This connection was used with an ambient transaction. The original ambient transaction needs to be completed before this connection can be used outside of it.
   at Microsoft.EntityFrameworkCore.Storage.RelationalConnection.HandleAmbientTransactions()
   at Microsoft.EntityFrameworkCore.Storage.RelationalConnection.Open(Boolean errorsExpected)
   at Microsoft.EntityFrameworkCore.Storage.RelationalCommand.ExecuteReader(RelationalCommandParameterObject parameterObject)
   at Microsoft.EntityFrameworkCore.Query.Internal.QueryingEnumerable`1.Enumerator.InitializeReader(DbContext _, Boolean result)
   at Microsoft.EntityFrameworkCore.SqlServer.Storage.Internal.SqlServerExecutionStrategy.Execute[TState,TResult](TState state, Func`3 operation, Func`3 verifySucceeded)
   at Microsoft.EntityFrameworkCore.Query.Internal.QueryingEnumerable`1.Enumerator.MoveNext()"
System.InvalidOperationException: This connection was used with an ambient transaction. The original ambient transaction needs to be completed before this connection can be used outside of it.
   at Microsoft.EntityFrameworkCore.Storage.RelationalConnection.HandleAmbientTransactions()
   at Microsoft.EntityFrameworkCore.Storage.RelationalConnection.Open(Boolean errorsExpected)
   at Microsoft.EntityFrameworkCore.Storage.RelationalCommand.ExecuteReader(RelationalCommandParameterObject parameterObject)
   at Microsoft.EntityFrameworkCore.Query.Internal.QueryingEnumerable`1.Enumerator.InitializeReader(DbContext _, Boolean result)
   at Microsoft.EntityFrameworkCore.SqlServer.Storage.Internal.SqlServerExecutionStrategy.Execute[TState,TResult](TState state, Func`3 operation, Func`3 verifySucceeded)
   at Microsoft.EntityFrameworkCore.Query.Internal.QueryingEnumerable`1.Enumerator.MoveNext()
2021-01-04 01:32:37.211 +06:00 [Information] Application Starting up
2021-01-04 01:32:46.225 +06:00 [Information] User logged out.
2021-01-04 01:33:00.925 +06:00 [Information] User logged in.
2021-01-04 01:35:12.458 +06:00 [Information] Application Starting up
