2021-01-16 14:18:59.633 +06:00 [Information] Application Starting up
2021-01-16 14:19:32.525 +06:00 [Information] User logged in.
2021-01-16 14:29:55.953 +06:00 [Information] Application Starting up
2021-01-16 14:32:44.398 +06:00 [Information] User logged in.
2021-01-16 14:33:49.428 +06:00 [Information] Blog Post Create Sucessfully
2021-01-16 14:57:33.315 +06:00 [Information] Application Starting up
2021-01-16 14:58:40.780 +06:00 [Information] Application Starting up
2021-01-16 14:58:58.589 +06:00 [Information] User logged in.
2021-01-16 14:59:53.746 +06:00 [Information] Paper Added Sucessfully
2021-01-16 15:01:40.420 +06:00 [Information] Application Starting up
2021-01-16 15:01:59.154 +06:00 [Information] User logged in.
2021-01-16 15:02:27.385 +06:00 [Information] Paper Added Sucessfully
2021-01-16 20:23:39.079 +06:00 [Information] Application Starting up
2021-01-16 20:23:58.000 +06:00 [Information] User logged in.
2021-01-16 20:24:52.216 +06:00 [Information] Paper Added Sucessfully
2021-01-16 20:30:28.054 +06:00 [Information] Application Starting up
2021-01-16 20:30:44.766 +06:00 [Information] User logged in.
2021-01-16 20:35:20.127 +06:00 [Information] Application Starting up
2021-01-16 20:35:36.529 +06:00 [Information] User logged in.
2021-01-16 20:36:32.539 +06:00 [Information] Paper Added Sucessfully
2021-01-16 20:37:04.825 +06:00 [Error] Paper Addition 'Failed'. Excption is : An error occurred while updating the entries. See the inner exception for details.
2021-01-16 20:46:25.253 +06:00 [Information] Application Starting up
2021-01-16 20:46:46.518 +06:00 [Information] User logged in.
2021-01-16 20:49:41.256 +06:00 [Information] Paper Added Sucessfully
2021-01-16 20:53:04.932 +06:00 [Information] Application Starting up
2021-01-16 20:53:18.728 +06:00 [Information] User logged in.
2021-01-16 20:57:44.027 +06:00 [Information] User logged out.
2021-01-16 20:58:14.711 +06:00 [Information] User logged in.
