2021-01-02 00:00:26.919 +06:00 [Information] Application Starting up
2021-01-02 00:00:54.017 +06:00 [Information] User logged in.
2021-01-02 17:20:41.900 +06:00 [Information] Application Starting up
2021-01-02 17:21:04.108 +06:00 [Information] User logged in.
2021-01-02 17:21:16.875 +06:00 [Information] Application Starting up
2021-01-02 17:21:37.585 +06:00 [Information] User logged in.
2021-01-02 17:22:07.576 +06:00 [Information] Application Starting up
2021-01-02 17:22:26.427 +06:00 [Information] User logged in.
2021-01-02 17:23:03.152 +06:00 [Information] Application Starting up
2021-01-02 17:25:29.966 +06:00 [Information] Application Starting up
2021-01-02 17:25:46.619 +06:00 [Information] User logged in.
2021-01-02 17:27:29.818 +06:00 [Information] Application Starting up
2021-01-02 17:27:49.265 +06:00 [Information] User logged in.
2021-01-02 17:28:16.266 +06:00 [Information] User logged out.
2021-01-02 17:29:19.340 +06:00 [Information] Application Starting up
2021-01-02 17:32:24.921 +06:00 [Information] Application Starting up
2021-01-02 17:33:05.511 +06:00 [Information] User logged in.
2021-01-02 17:36:42.387 +06:00 [Information] Application Starting up
2021-01-02 17:37:25.016 +06:00 [Information] User logged in.
2021-01-02 17:40:19.977 +06:00 [Information] Application Starting up
2021-01-02 17:40:55.223 +06:00 [Information] User logged in.
2021-01-02 17:52:12.427 +06:00 [Information] Application Starting up
2021-01-02 17:52:47.686 +06:00 [Information] Application Starting up
2021-01-02 17:57:13.576 +06:00 [Information] Application Starting up
2021-01-02 17:58:55.827 +06:00 [Information] Application Starting up
2021-01-02 18:00:08.859 +06:00 [Information] Application Starting up
2021-01-02 18:00:40.941 +06:00 [Information] Application Starting up
2021-01-02 18:01:14.354 +06:00 [Information] Application Starting up
2021-01-02 18:05:52.221 +06:00 [Information] Application Starting up
2021-01-02 18:12:17.743 +06:00 [Information] Application Starting up
2021-01-02 18:13:26.135 +06:00 [Information] Application Starting up
2021-01-02 18:16:15.279 +06:00 [Information] Application Starting up
2021-01-02 18:16:35.463 +06:00 [Information] User logged in.
2021-01-02 18:18:25.261 +06:00 [Information] Application Starting up
2021-01-02 18:18:46.949 +06:00 [Information] User logged in.
2021-01-02 18:21:25.214 +06:00 [Information] Application Starting up
2021-01-02 18:21:40.752 +06:00 [Warning] Invalid password for user "555d42ea-4362-46e7-d483-08d8abfbebae".
2021-01-02 18:21:40.758 +06:00 [Warning] User "555d42ea-4362-46e7-d483-08d8abfbebae" failed to provide the correct password.
2021-01-02 18:21:49.766 +06:00 [Information] User logged in.
