2021-01-24 01:05:24.380 +06:00 [Information] Application Starting up
2021-01-24 01:05:53.470 +06:00 [Information] User logged in.
2021-01-24 01:05:58.244 +06:00 [Information] User logged out.
2021-01-24 01:06:20.153 +06:00 [Information] User logged in.
2021-01-24 01:06:32.327 +06:00 [Information] Role  Assigned
2021-01-24 01:06:38.031 +06:00 [Information] User logged out.
2021-01-24 01:06:52.174 +06:00 [Information] User logged in.
2021-01-24 01:06:55.745 +06:00 [Information] User logged out.
2021-01-24 01:07:21.940 +06:00 [Information] Application Starting up
2021-01-24 01:08:18.485 +06:00 [Information] User logged in.
2021-01-24 01:08:22.422 +06:00 [Information] User logged out.
2021-01-24 01:08:31.525 +06:00 [Information] User logged in.
2021-01-24 01:08:51.581 +06:00 [Information] Role  Assigned
2021-01-24 01:09:32.602 +06:00 [Information] Role  Assigned
2021-01-24 01:10:09.590 +06:00 [Information] Application Starting up
2021-01-24 01:10:28.033 +06:00 [Information] Role  Assigned
2021-01-24 01:10:28.295 +06:00 [Error] An exception occurred while iterating over the results of a query for context type '"Membership.Contexts.ApplicationDbContext"'."
""System.InvalidOperationException: A second operation started on this context before a previous operation completed. This is usually caused by different threads using the same instance of DbContext. For more information on how to avoid threading issues with DbContext, see https://go.microsoft.com/fwlink/?linkid=2097913.
   at Microsoft.EntityFrameworkCore.Internal.ConcurrencyDetector.EnterCriticalSection()
   at Microsoft.EntityFrameworkCore.Query.Internal.QueryingEnumerable`1.Enumerator.MoveNext()"
System.InvalidOperationException: A second operation started on this context before a previous operation completed. This is usually caused by different threads using the same instance of DbContext. For more information on how to avoid threading issues with DbContext, see https://go.microsoft.com/fwlink/?linkid=2097913.
   at Microsoft.EntityFrameworkCore.Internal.ConcurrencyDetector.EnterCriticalSection()
   at Microsoft.EntityFrameworkCore.Query.Internal.QueryingEnumerable`1.Enumerator.MoveNext()
2021-01-24 01:10:52.096 +06:00 [Information] Application Starting up
2021-01-24 01:11:12.329 +06:00 [Information] Role  Assigned
2021-01-24 01:11:12.658 +06:00 [Error] An exception occurred while iterating over the results of a query for context type '"Membership.Contexts.ApplicationDbContext"'."
""System.InvalidOperationException: This connection was used with an ambient transaction. The original ambient transaction needs to be completed before this connection can be used outside of it.
   at Microsoft.EntityFrameworkCore.Storage.RelationalConnection.HandleAmbientTransactions()
   at Microsoft.EntityFrameworkCore.Storage.RelationalConnection.Open(Boolean errorsExpected)
   at Microsoft.EntityFrameworkCore.Storage.RelationalCommand.ExecuteReader(RelationalCommandParameterObject parameterObject)
   at Microsoft.EntityFrameworkCore.Query.Internal.QueryingEnumerable`1.Enumerator.InitializeReader(DbContext _, Boolean result)
   at Microsoft.EntityFrameworkCore.SqlServer.Storage.Internal.SqlServerExecutionStrategy.Execute[TState,TResult](TState state, Func`3 operation, Func`3 verifySucceeded)
   at Microsoft.EntityFrameworkCore.Query.Internal.QueryingEnumerable`1.Enumerator.MoveNext()"
System.InvalidOperationException: This connection was used with an ambient transaction. The original ambient transaction needs to be completed before this connection can be used outside of it.
   at Microsoft.EntityFrameworkCore.Storage.RelationalConnection.HandleAmbientTransactions()
   at Microsoft.EntityFrameworkCore.Storage.RelationalConnection.Open(Boolean errorsExpected)
   at Microsoft.EntityFrameworkCore.Storage.RelationalCommand.ExecuteReader(RelationalCommandParameterObject parameterObject)
   at Microsoft.EntityFrameworkCore.Query.Internal.QueryingEnumerable`1.Enumerator.InitializeReader(DbContext _, Boolean result)
   at Microsoft.EntityFrameworkCore.SqlServer.Storage.Internal.SqlServerExecutionStrategy.Execute[TState,TResult](TState state, Func`3 operation, Func`3 verifySucceeded)
   at Microsoft.EntityFrameworkCore.Query.Internal.QueryingEnumerable`1.Enumerator.MoveNext()
2021-01-24 01:11:26.769 +06:00 [Information] Application Starting up
2021-01-24 01:11:37.017 +06:00 [Information] User logged out.
2021-01-24 01:11:51.630 +06:00 [Information] User logged in.
2021-01-24 01:12:11.499 +06:00 [Information] Role  Assigned
2021-01-24 01:12:11.896 +06:00 [Error] An exception occurred while iterating over the results of a query for context type '"Membership.Contexts.ApplicationDbContext"'."
""System.InvalidOperationException: This connection was used with an ambient transaction. The original ambient transaction needs to be completed before this connection can be used outside of it.
   at Microsoft.EntityFrameworkCore.Storage.RelationalConnection.HandleAmbientTransactions()
   at Microsoft.EntityFrameworkCore.Storage.RelationalConnection.Open(Boolean errorsExpected)
   at Microsoft.EntityFrameworkCore.Storage.RelationalCommand.ExecuteReader(RelationalCommandParameterObject parameterObject)
   at Microsoft.EntityFrameworkCore.Query.Internal.QueryingEnumerable`1.Enumerator.InitializeReader(DbContext _, Boolean result)
   at Microsoft.EntityFrameworkCore.SqlServer.Storage.Internal.SqlServerExecutionStrategy.Execute[TState,TResult](TState state, Func`3 operation, Func`3 verifySucceeded)
   at Microsoft.EntityFrameworkCore.Query.Internal.QueryingEnumerable`1.Enumerator.MoveNext()"
System.InvalidOperationException: This connection was used with an ambient transaction. The original ambient transaction needs to be completed before this connection can be used outside of it.
   at Microsoft.EntityFrameworkCore.Storage.RelationalConnection.HandleAmbientTransactions()
   at Microsoft.EntityFrameworkCore.Storage.RelationalConnection.Open(Boolean errorsExpected)
   at Microsoft.EntityFrameworkCore.Storage.RelationalCommand.ExecuteReader(RelationalCommandParameterObject parameterObject)
   at Microsoft.EntityFrameworkCore.Query.Internal.QueryingEnumerable`1.Enumerator.InitializeReader(DbContext _, Boolean result)
   at Microsoft.EntityFrameworkCore.SqlServer.Storage.Internal.SqlServerExecutionStrategy.Execute[TState,TResult](TState state, Func`3 operation, Func`3 verifySucceeded)
   at Microsoft.EntityFrameworkCore.Query.Internal.QueryingEnumerable`1.Enumerator.MoveNext()
2021-01-24 01:21:15.991 +06:00 [Information] Application Starting up
2021-01-24 01:21:38.969 +06:00 [Information] Role  Assigned
2021-01-24 01:22:28.114 +06:00 [Information] Application Starting up
2021-01-24 01:22:46.214 +06:00 [Information] Role  Assigned
2021-01-24 01:22:52.536 +06:00 [Information] User logged out.
2021-01-24 01:23:03.370 +06:00 [Information] User logged in.
2021-01-24 01:23:24.967 +06:00 [Information] Application Starting up
2021-01-24 01:23:37.434 +06:00 [Information] User logged out.
2021-01-24 01:23:57.370 +06:00 [Information] User logged in.
2021-01-24 01:24:04.575 +06:00 [Information] Role  Assigned
2021-01-24 01:24:07.493 +06:00 [Information] User logged out.
2021-01-24 01:24:21.351 +06:00 [Information] User logged in.
2021-01-24 01:24:26.733 +06:00 [Information] User logged out.
2021-01-24 01:34:40.434 +06:00 [Information] Application Starting up
2021-01-24 01:34:58.615 +06:00 [Information] User logged in.
2021-01-24 01:35:02.650 +06:00 [Information] User logged out.
2021-01-24 01:35:10.390 +06:00 [Warning] Invalid password for user "fe45f819-6a08-4d9b-77da-08d886654102".
2021-01-24 01:35:10.392 +06:00 [Warning] User "fe45f819-6a08-4d9b-77da-08d886654102" failed to provide the correct password.
2021-01-24 01:35:16.026 +06:00 [Information] User logged in.
2021-01-24 01:35:29.134 +06:00 [Information] Role  Assigned
2021-01-24 01:35:46.624 +06:00 [Information] Role  Assigned
2021-01-24 01:36:11.961 +06:00 [Information] Role  Assigned
2021-01-24 01:36:15.111 +06:00 [Information] User logged out.
2021-01-24 01:36:49.019 +06:00 [Information] User logged in.
2021-01-24 01:36:58.293 +06:00 [Information] Role  Assigned
2021-01-24 01:37:13.904 +06:00 [Information] User logged out.
2021-01-24 01:37:28.005 +06:00 [Information] User logged in.
2021-01-24 01:37:33.417 +06:00 [Information] User logged out.
2021-01-24 01:43:04.595 +06:00 [Information] Application Starting up
2021-01-24 01:43:46.975 +06:00 [Information] User logged in.
2021-01-24 01:58:31.607 +06:00 [Information] Application Starting up
2021-01-24 01:59:10.358 +06:00 [Information] User logged out.
2021-01-24 01:59:25.782 +06:00 [Information] User logged in.
2021-01-24 02:00:37.596 +06:00 [Information] User logged out.
2021-01-24 02:21:53.576 +06:00 [Information] Application Starting up
2021-01-24 02:22:17.388 +06:00 [Information] User logged in.
2021-01-24 02:23:34.552 +06:00 [Information] User logged out.
2021-01-24 02:41:17.219 +06:00 [Information] Application Starting up
2021-01-24 02:44:56.637 +06:00 [Information] Application Starting up
2021-01-24 02:45:15.268 +06:00 [Information] User logged in.
2021-01-24 02:47:35.456 +06:00 [Information] Application Starting up
2021-01-24 02:48:14.047 +06:00 [Information] Task  Assigned
2021-01-24 11:35:49.931 +06:00 [Information] Application Starting up
2021-01-24 11:36:07.136 +06:00 [Information] User logged in.
2021-01-24 11:36:20.165 +06:00 [Information] Role  Assigned
2021-01-24 11:37:22.159 +06:00 [Information] Task  Assigned
2021-01-24 11:46:42.168 +06:00 [Information] Application Starting up
2021-01-24 11:47:00.677 +06:00 [Information] User logged in.
2021-01-24 11:48:15.522 +06:00 [Information] Task  Assigned
2021-01-24 11:48:57.566 +06:00 [Information] User logged out.
2021-01-24 11:50:37.923 +06:00 [Information] Application Starting up
2021-01-24 11:50:54.751 +06:00 [Information] User logged in.
2021-01-24 11:51:23.739 +06:00 [Information] Role  Assigned
2021-01-24 11:51:45.672 +06:00 [Information] User logged out.
2021-01-24 11:52:00.385 +06:00 [Information] User logged in.
2021-01-24 11:52:24.215 +06:00 [Information] User logged out.
2021-01-24 11:52:36.002 +06:00 [Information] User logged in.
2021-01-24 11:52:47.216 +06:00 [Information] Role  Assigned
2021-01-24 11:53:31.970 +06:00 [Information] User logged out.
2021-01-24 11:54:46.240 +06:00 [Information] User logged in.
2021-01-24 11:55:37.411 +06:00 [Information] User logged out.
2021-01-24 11:55:46.976 +06:00 [Information] User logged in.
2021-01-24 11:55:54.921 +06:00 [Information] Role  Assigned
2021-01-24 11:55:57.632 +06:00 [Information] User logged out.
2021-01-24 11:56:07.169 +06:00 [Information] User logged in.
2021-01-24 11:58:14.455 +06:00 [Information] Paper Added Sucessfully
2021-01-24 12:00:54.929 +06:00 [Information] User logged out.
